<?xml version="1.0" encoding="UTF-8"?>
<!-- Generated by org.testng.reporters.JUnitReportReporter -->
<testsuite skipped="0" hostname="MUNTASIR-BOCTC10" name="com.ExtentReport.LoginTestCustomizeExtentReport" tests="4" failures="0" timestamp="2021-01-02T16:01:23 BDT" time="60.210" errors="0">
  <testcase name="loginTC_004" time="18.504" classname="com.ExtentReport.LoginTestCustomizeExtentReport"/>
  <system-out/>
  <testcase name="loginTC_003" time="13.098" classname="com.ExtentReport.LoginTestCustomizeExtentReport"/>
  <system-out/>
  <testcase name="loginTC_001" time="14.599" classname="com.ExtentReport.LoginTestCustomizeExtentReport"/>
  <system-out/>
  <testcase name="loginTC_002" time="14.009" classname="com.ExtentReport.LoginTestCustomizeExtentReport"/>
  <system-out/>
</testsuite> <!-- com.ExtentReport.LoginTestCustomizeExtentReport -->
